<?xml version="1.0" encoding="UTF-8"?>
<!-- Generated by org.testng.reporters.JUnitReportReporter -->
<testsuite hostname="5-WS-027" name="utility.ToBeExecuted" tests="1" failures="0" timestamp="21 Mar 2016 10:25:28 GMT" time="0.860" errors="0">
  <testcase name="f" time="0.860" classname="utility.ToBeExecuted"/>
</testsuite> <!-- utility.ToBeExecuted -->
