<?xml version="1.0" encoding="UTF-8"?>
<!-- Generated by org.testng.reporters.JUnitReportReporter -->
<testsuite hostname="5-WS-027" name="packages.ToBeExecuted" tests="1" failures="0" timestamp="21 Mar 2016 09:55:30 GMT" time="1.063" errors="0">
  <testcase name="run" time="1.063" classname="packages.ToBeExecuted"/>
</testsuite> <!-- packages.ToBeExecuted -->
