<?xml version="1.0" encoding="UTF-8"?>
<!-- Generated by org.testng.reporters.JUnitReportReporter -->
<testsuite hostname="5-WS-027" name="packages.Exp" tests="1" failures="0" timestamp="29 Mar 2016 08:01:13 GMT" time="0.781" errors="0">
  <testcase name="f" time="0.781" classname="packages.Exp"/>
</testsuite> <!-- packages.Exp -->
